[5_4_2017_18:24:45] {INFO} MAIN - intializing...
[5_4_2017_18:24:47] {SEVERE} BOTSESSION - org.telegram.telegrambots.exceptions.TelegramApiRequestException: Error getting updates: [409] Conflict: terminated by other long poll or webhook
	at org.telegram.telegrambots.api.methods.updates.GetUpdates.deserializeResponse(GetUpdates.java:96)
	at org.telegram.telegrambots.updatesreceivers.DefaultBotSession$ReaderThread.run(DefaultBotSession.java:177)
[5_4_2017_18:24:47] {SEVERE} BOTSESSION - org.telegram.telegrambots.exceptions.TelegramApiRequestException: Error getting updates: [409] Conflict: terminated by other long poll or webhook
	at org.telegram.telegrambots.api.methods.updates.GetUpdates.deserializeResponse(GetUpdates.java:96)
	at org.telegram.telegrambots.updatesreceivers.DefaultBotSession$ReaderThread.run(DefaultBotSession.java:177)
[5_4_2017_18:24:47] {SEVERE} BOTSESSION - org.telegram.telegrambots.exceptions.TelegramApiRequestException: Error getting updates: [409] Conflict: terminated by other long poll or webhook
	at org.telegram.telegrambots.api.methods.updates.GetUpdates.deserializeResponse(GetUpdates.java:96)
	at org.telegram.telegrambots.updatesreceivers.DefaultBotSession$ReaderThread.run(DefaultBotSession.java:177)
[5_4_2017_18:24:47] {SEVERE} BOTSESSION - org.telegram.telegrambots.exceptions.TelegramApiRequestException: Error getting updates: [409] Conflict: terminated by other long poll or webhook
	at org.telegram.telegrambots.api.methods.updates.GetUpdates.deserializeResponse(GetUpdates.java:96)
	at org.telegram.telegrambots.updatesreceivers.DefaultBotSession$ReaderThread.run(DefaultBotSession.java:177)
[5_4_2017_18:24:48] {SEVERE} BOTSESSION - org.telegram.telegrambots.exceptions.TelegramApiRequestException: Error getting updates: [409] Conflict: terminated by other long poll or webhook
	at org.telegram.telegrambots.api.methods.updates.GetUpdates.deserializeResponse(GetUpdates.java:96)
	at org.telegram.telegrambots.updatesreceivers.DefaultBotSession$ReaderThread.run(DefaultBotSession.java:177)
[5_4_2017_18:24:48] {SEVERE} BOTSESSION - org.telegram.telegrambots.exceptions.TelegramApiRequestException: Error getting updates: [409] Conflict: terminated by other long poll or webhook
	at org.telegram.telegrambots.api.methods.updates.GetUpdates.deserializeResponse(GetUpdates.java:96)
	at org.telegram.telegrambots.updatesreceivers.DefaultBotSession$ReaderThread.run(DefaultBotSession.java:177)
[5_4_2017_18:24:48] {SEVERE} BOTSESSION - org.telegram.telegrambots.exceptions.TelegramApiRequestException: Error getting updates: [409] Conflict: terminated by other long poll or webhook
	at org.telegram.telegrambots.api.methods.updates.GetUpdates.deserializeResponse(GetUpdates.java:96)
	at org.telegram.telegrambots.updatesreceivers.DefaultBotSession$ReaderThread.run(DefaultBotSession.java:177)
[5_4_2017_18:24:48] {SEVERE} BOTSESSION - org.telegram.telegrambots.exceptions.TelegramApiRequestException: Error getting updates: [409] Conflict: terminated by other long poll or webhook
	at org.telegram.telegrambots.api.methods.updates.GetUpdates.deserializeResponse(GetUpdates.java:96)
	at org.telegram.telegrambots.updatesreceivers.DefaultBotSession$ReaderThread.run(DefaultBotSession.java:177)
[5_4_2017_18:24:48] {SEVERE} BOTSESSION - org.telegram.telegrambots.exceptions.TelegramApiRequestException: Error getting updates: [409] Conflict: terminated by other long poll or webhook
	at org.telegram.telegrambots.api.methods.updates.GetUpdates.deserializeResponse(GetUpdates.java:96)
	at org.telegram.telegrambots.updatesreceivers.DefaultBotSession$ReaderThread.run(DefaultBotSession.java:177)
[5_4_2017_18:24:48] {SEVERE} BOTSESSION - org.telegram.telegrambots.exceptions.TelegramApiRequestException: Error getting updates: [409] Conflict: terminated by other long poll or webhook
	at org.telegram.telegrambots.api.methods.updates.GetUpdates.deserializeResponse(GetUpdates.java:96)
	at org.telegram.telegrambots.updatesreceivers.DefaultBotSession$ReaderThread.run(DefaultBotSession.java:177)
[5_4_2017_18:24:48] {SEVERE} BOTSESSION - org.telegram.telegrambots.exceptions.TelegramApiRequestException: Error getting updates: [409] Conflict: terminated by other long poll or webhook
	at org.telegram.telegrambots.api.methods.updates.GetUpdates.deserializeResponse(GetUpdates.java:96)
	at org.telegram.telegrambots.updatesreceivers.DefaultBotSession$ReaderThread.run(DefaultBotSession.java:177)
[5_4_2017_18:24:48] {SEVERE} BOTSESSION - org.telegram.telegrambots.exceptions.TelegramApiRequestException: Error getting updates: [409] Conflict: terminated by other long poll or webhook
	at org.telegram.telegrambots.api.methods.updates.GetUpdates.deserializeResponse(GetUpdates.java:96)
	at org.telegram.telegrambots.updatesreceivers.DefaultBotSession$ReaderThread.run(DefaultBotSession.java:177)
[5_4_2017_18:24:48] {SEVERE} BOTSESSION - org.telegram.telegrambots.exceptions.TelegramApiRequestException: Error getting updates: [409] Conflict: terminated by other long poll or webhook
	at org.telegram.telegrambots.api.methods.updates.GetUpdates.deserializeResponse(GetUpdates.java:96)
	at org.telegram.telegrambots.updatesreceivers.DefaultBotSession$ReaderThread.run(DefaultBotSession.java:177)
[5_4_2017_18:24:48] {SEVERE} BOTSESSION - org.telegram.telegrambots.exceptions.TelegramApiRequestException: Error getting updates: [409] Conflict: terminated by other long poll or webhook
	at org.telegram.telegrambots.api.methods.updates.GetUpdates.deserializeResponse(GetUpdates.java:96)
	at org.telegram.telegrambots.updatesreceivers.DefaultBotSession$ReaderThread.run(DefaultBotSession.java:177)
[5_4_2017_18:24:49] {SEVERE} BOTSESSION - org.telegram.telegrambots.exceptions.TelegramApiRequestException: Error getting updates: [409] Conflict: terminated by other long poll or webhook
	at org.telegram.telegrambots.api.methods.updates.GetUpdates.deserializeResponse(GetUpdates.java:96)
	at org.telegram.telegrambots.updatesreceivers.DefaultBotSession$ReaderThread.run(DefaultBotSession.java:177)
[5_4_2017_18:24:49] {SEVERE} BOTSESSION - org.telegram.telegrambots.exceptions.TelegramApiRequestException: Error getting updates: [409] Conflict: terminated by other long poll or webhook
	at org.telegram.telegrambots.api.methods.updates.GetUpdates.deserializeResponse(GetUpdates.java:96)
	at org.telegram.telegrambots.updatesreceivers.DefaultBotSession$ReaderThread.run(DefaultBotSession.java:177)
[5_4_2017_18:24:49] {SEVERE} BOTSESSION - org.telegram.telegrambots.exceptions.TelegramApiRequestException: Error getting updates: [409] Conflict: terminated by other long poll or webhook
	at org.telegram.telegrambots.api.methods.updates.GetUpdates.deserializeResponse(GetUpdates.java:96)
	at org.telegram.telegrambots.updatesreceivers.DefaultBotSession$ReaderThread.run(DefaultBotSession.java:177)
[5_4_2017_18:24:49] {SEVERE} BOTSESSION - org.telegram.telegrambots.exceptions.TelegramApiRequestException: Error getting updates: [409] Conflict: terminated by other long poll or webhook
	at org.telegram.telegrambots.api.methods.updates.GetUpdates.deserializeResponse(GetUpdates.java:96)
	at org.telegram.telegrambots.updatesreceivers.DefaultBotSession$ReaderThread.run(DefaultBotSession.java:177)
[5_4_2017_18:24:49] {SEVERE} BOTSESSION - org.telegram.telegrambots.exceptions.TelegramApiRequestException: Error getting updates: [409] Conflict: terminated by other long poll or webhook
	at org.telegram.telegrambots.api.methods.updates.GetUpdates.deserializeResponse(GetUpdates.java:96)
	at org.telegram.telegrambots.updatesreceivers.DefaultBotSession$ReaderThread.run(DefaultBotSession.java:177)
[5_4_2017_18:24:49] {SEVERE} BOTSESSION - org.telegram.telegrambots.exceptions.TelegramApiRequestException: Error getting updates: [409] Conflict: terminated by other long poll or webhook
	at org.telegram.telegrambots.api.methods.updates.GetUpdates.deserializeResponse(GetUpdates.java:96)
	at org.telegram.telegrambots.updatesreceivers.DefaultBotSession$ReaderThread.run(DefaultBotSession.java:177)
[5_4_2017_18:24:49] {SEVERE} BOTSESSION - org.telegram.telegrambots.exceptions.TelegramApiRequestException: Error getting updates: [409] Conflict: terminated by other long poll or webhook
	at org.telegram.telegrambots.api.methods.updates.GetUpdates.deserializeResponse(GetUpdates.java:96)
	at org.telegram.telegrambots.updatesreceivers.DefaultBotSession$ReaderThread.run(DefaultBotSession.java:177)
[5_4_2017_18:24:49] {SEVERE} BOTSESSION - org.telegram.telegrambots.exceptions.TelegramApiRequestException: Error getting updates: [409] Conflict: terminated by other long poll or webhook
	at org.telegram.telegrambots.api.methods.updates.GetUpdates.deserializeResponse(GetUpdates.java:96)
	at org.telegram.telegrambots.updatesreceivers.DefaultBotSession$ReaderThread.run(DefaultBotSession.java:177)
[5_4_2017_18:24:49] {SEVERE} BOTSESSION - org.telegram.telegrambots.exceptions.TelegramApiRequestException: Error getting updates: [409] Conflict: terminated by other long poll or webhook
	at org.telegram.telegrambots.api.methods.updates.GetUpdates.deserializeResponse(GetUpdates.java:96)
	at org.telegram.telegrambots.updatesreceivers.DefaultBotSession$ReaderThread.run(DefaultBotSession.java:177)
[5_4_2017_18:24:50] {SEVERE} BOTSESSION - org.telegram.telegrambots.exceptions.TelegramApiRequestException: Error getting updates: [409] Conflict: terminated by other long poll or webhook
	at org.telegram.telegrambots.api.methods.updates.GetUpdates.deserializeResponse(GetUpdates.java:96)
	at org.telegram.telegrambots.updatesreceivers.DefaultBotSession$ReaderThread.run(DefaultBotSession.java:177)
[5_4_2017_18:24:50] {SEVERE} BOTSESSION - org.telegram.telegrambots.exceptions.TelegramApiRequestException: Error getting updates: [409] Conflict: terminated by other long poll or webhook
	at org.telegram.telegrambots.api.methods.updates.GetUpdates.deserializeResponse(GetUpdates.java:96)
	at org.telegram.telegrambots.updatesreceivers.DefaultBotSession$ReaderThread.run(DefaultBotSession.java:177)
[5_4_2017_18:24:50] {SEVERE} BOTSESSION - org.telegram.telegrambots.exceptions.TelegramApiRequestException: Error getting updates: [409] Conflict: terminated by other long poll or webhook
	at org.telegram.telegrambots.api.methods.updates.GetUpdates.deserializeResponse(GetUpdates.java:96)
	at org.telegram.telegrambots.updatesreceivers.DefaultBotSession$ReaderThread.run(DefaultBotSession.java:177)
[5_4_2017_18:24:50] {SEVERE} BOTSESSION - org.telegram.telegrambots.exceptions.TelegramApiRequestException: Error getting updates: [409] Conflict: terminated by other long poll or webhook
	at org.telegram.telegrambots.api.methods.updates.GetUpdates.deserializeResponse(GetUpdates.java:96)
	at org.telegram.telegrambots.updatesreceivers.DefaultBotSession$ReaderThread.run(DefaultBotSession.java:177)
[5_4_2017_18:24:50] {SEVERE} BOTSESSION - org.telegram.telegrambots.exceptions.TelegramApiRequestException: Error getting updates: [409] Conflict: terminated by other long poll or webhook
	at org.telegram.telegrambots.api.methods.updates.GetUpdates.deserializeResponse(GetUpdates.java:96)
	at org.telegram.telegrambots.updatesreceivers.DefaultBotSession$ReaderThread.run(DefaultBotSession.java:177)
[5_4_2017_18:24:50] {SEVERE} BOTSESSION - org.telegram.telegrambots.exceptions.TelegramApiRequestException: Error getting updates: [409] Conflict: terminated by other long poll or webhook
	at org.telegram.telegrambots.api.methods.updates.GetUpdates.deserializeResponse(GetUpdates.java:96)
	at org.telegram.telegrambots.updatesreceivers.DefaultBotSession$ReaderThread.run(DefaultBotSession.java:177)
[5_4_2017_18:24:51] {SEVERE} BOTSESSION - org.telegram.telegrambots.exceptions.TelegramApiRequestException: Error getting updates: [409] Conflict: terminated by other long poll or webhook
	at org.telegram.telegrambots.api.methods.updates.GetUpdates.deserializeResponse(GetUpdates.java:96)
	at org.telegram.telegrambots.updatesreceivers.DefaultBotSession$ReaderThread.run(DefaultBotSession.java:177)
[5_4_2017_18:24:51] {SEVERE} BOTSESSION - org.telegram.telegrambots.exceptions.TelegramApiRequestException: Error getting updates: [409] Conflict: terminated by other long poll or webhook
	at org.telegram.telegrambots.api.methods.updates.GetUpdates.deserializeResponse(GetUpdates.java:96)
	at org.telegram.telegrambots.updatesreceivers.DefaultBotSession$ReaderThread.run(DefaultBotSession.java:177)
[5_4_2017_18:24:51] {SEVERE} BOTSESSION - org.telegram.telegrambots.exceptions.TelegramApiRequestException: Error getting updates: [409] Conflict: terminated by other long poll or webhook
	at org.telegram.telegrambots.api.methods.updates.GetUpdates.deserializeResponse(GetUpdates.java:96)
	at org.telegram.telegrambots.updatesreceivers.DefaultBotSession$ReaderThread.run(DefaultBotSession.java:177)
[5_4_2017_18:24:51] {SEVERE} BOTSESSION - org.telegram.telegrambots.exceptions.TelegramApiRequestException: Error getting updates: [409] Conflict: terminated by other long poll or webhook
	at org.telegram.telegrambots.api.methods.updates.GetUpdates.deserializeResponse(GetUpdates.java:96)
	at org.telegram.telegrambots.updatesreceivers.DefaultBotSession$ReaderThread.run(DefaultBotSession.java:177)
[5_4_2017_18:24:51] {SEVERE} BOTSESSION - org.telegram.telegrambots.exceptions.TelegramApiRequestException: Error getting updates: [409] Conflict: terminated by other long poll or webhook
	at org.telegram.telegrambots.api.methods.updates.GetUpdates.deserializeResponse(GetUpdates.java:96)
	at org.telegram.telegrambots.updatesreceivers.DefaultBotSession$ReaderThread.run(DefaultBotSession.java:177)
[5_4_2017_18:24:51] {SEVERE} BOTSESSION - org.telegram.telegrambots.exceptions.TelegramApiRequestException: Error getting updates: [409] Conflict: terminated by other long poll or webhook
	at org.telegram.telegrambots.api.methods.updates.GetUpdates.deserializeResponse(GetUpdates.java:96)
	at org.telegram.telegrambots.updatesreceivers.DefaultBotSession$ReaderThread.run(DefaultBotSession.java:177)
[5_4_2017_18:24:51] {SEVERE} BOTSESSION - org.telegram.telegrambots.exceptions.TelegramApiRequestException: Error getting updates: [409] Conflict: terminated by other long poll or webhook
	at org.telegram.telegrambots.api.methods.updates.GetUpdates.deserializeResponse(GetUpdates.java:96)
	at org.telegram.telegrambots.updatesreceivers.DefaultBotSession$ReaderThread.run(DefaultBotSession.java:177)
[5_4_2017_18:24:51] {SEVERE} BOTSESSION - org.telegram.telegrambots.exceptions.TelegramApiRequestException: Error getting updates: [409] Conflict: terminated by other long poll or webhook
	at org.telegram.telegrambots.api.methods.updates.GetUpdates.deserializeResponse(GetUpdates.java:96)
	at org.telegram.telegrambots.updatesreceivers.DefaultBotSession$ReaderThread.run(DefaultBotSession.java:177)
[5_4_2017_18:24:52] {SEVERE} BOTSESSION - org.telegram.telegrambots.exceptions.TelegramApiRequestException: Error getting updates: [409] Conflict: terminated by other long poll or webhook
	at org.telegram.telegrambots.api.methods.updates.GetUpdates.deserializeResponse(GetUpdates.java:96)
	at org.telegram.telegrambots.updatesreceivers.DefaultBotSession$ReaderThread.run(DefaultBotSession.java:177)
[5_4_2017_18:24:52] {SEVERE} BOTSESSION - org.telegram.telegrambots.exceptions.TelegramApiRequestException: Error getting updates: [409] Conflict: terminated by other long poll or webhook
	at org.telegram.telegrambots.api.methods.updates.GetUpdates.deserializeResponse(GetUpdates.java:96)
	at org.telegram.telegrambots.updatesreceivers.DefaultBotSession$ReaderThread.run(DefaultBotSession.java:177)
[5_4_2017_18:24:52] {SEVERE} BOTSESSION - org.telegram.telegrambots.exceptions.TelegramApiRequestException: Error getting updates: [409] Conflict: terminated by other long poll or webhook
	at org.telegram.telegrambots.api.methods.updates.GetUpdates.deserializeResponse(GetUpdates.java:96)
	at org.telegram.telegrambots.updatesreceivers.DefaultBotSession$ReaderThread.run(DefaultBotSession.java:177)
[5_4_2017_18:24:52] {SEVERE} BOTSESSION - org.telegram.telegrambots.exceptions.TelegramApiRequestException: Error getting updates: [409] Conflict: terminated by other long poll or webhook
	at org.telegram.telegrambots.api.methods.updates.GetUpdates.deserializeResponse(GetUpdates.java:96)
	at org.telegram.telegrambots.updatesreceivers.DefaultBotSession$ReaderThread.run(DefaultBotSession.java:177)
[5_4_2017_18:24:52] {SEVERE} BOTSESSION - org.telegram.telegrambots.exceptions.TelegramApiRequestException: Error getting updates: [409] Conflict: terminated by other long poll or webhook
	at org.telegram.telegrambots.api.methods.updates.GetUpdates.deserializeResponse(GetUpdates.java:96)
	at org.telegram.telegrambots.updatesreceivers.DefaultBotSession$ReaderThread.run(DefaultBotSession.java:177)
[5_4_2017_18:24:52] {SEVERE} BOTSESSION - org.telegram.telegrambots.exceptions.TelegramApiRequestException: Error getting updates: [409] Conflict: terminated by other long poll or webhook
	at org.telegram.telegrambots.api.methods.updates.GetUpdates.deserializeResponse(GetUpdates.java:96)
	at org.telegram.telegrambots.updatesreceivers.DefaultBotSession$ReaderThread.run(DefaultBotSession.java:177)
[5_4_2017_18:24:52] {SEVERE} BOTSESSION - org.telegram.telegrambots.exceptions.TelegramApiRequestException: Error getting updates: [409] Conflict: terminated by other long poll or webhook
	at org.telegram.telegrambots.api.methods.updates.GetUpdates.deserializeResponse(GetUpdates.java:96)
	at org.telegram.telegrambots.updatesreceivers.DefaultBotSession$ReaderThread.run(DefaultBotSession.java:177)
[5_4_2017_18:24:52] {SEVERE} BOTSESSION - org.telegram.telegrambots.exceptions.TelegramApiRequestException: Error getting updates: [409] Conflict: terminated by other long poll or webhook
	at org.telegram.telegrambots.api.methods.updates.GetUpdates.deserializeResponse(GetUpdates.java:96)
	at org.telegram.telegrambots.updatesreceivers.DefaultBotSession$ReaderThread.run(DefaultBotSession.java:177)
[5_4_2017_18:24:53] {SEVERE} BOTSESSION - org.telegram.telegrambots.exceptions.TelegramApiRequestException: Error getting updates: [409] Conflict: terminated by other long poll or webhook
	at org.telegram.telegrambots.api.methods.updates.GetUpdates.deserializeResponse(GetUpdates.java:96)
	at org.telegram.telegrambots.updatesreceivers.DefaultBotSession$ReaderThread.run(DefaultBotSession.java:177)
[5_4_2017_18:24:53] {SEVERE} BOTSESSION - org.telegram.telegrambots.exceptions.TelegramApiRequestException: Error getting updates: [409] Conflict: terminated by other long poll or webhook
	at org.telegram.telegrambots.api.methods.updates.GetUpdates.deserializeResponse(GetUpdates.java:96)
	at org.telegram.telegrambots.updatesreceivers.DefaultBotSession$ReaderThread.run(DefaultBotSession.java:177)
[5_4_2017_18:24:53] {SEVERE} BOTSESSION - org.telegram.telegrambots.exceptions.TelegramApiRequestException: Error getting updates: [409] Conflict: terminated by other long poll or webhook
	at org.telegram.telegrambots.api.methods.updates.GetUpdates.deserializeResponse(GetUpdates.java:96)
	at org.telegram.telegrambots.updatesreceivers.DefaultBotSession$ReaderThread.run(DefaultBotSession.java:177)
[5_4_2017_18:24:53] {SEVERE} BOTSESSION - org.telegram.telegrambots.exceptions.TelegramApiRequestException: Error getting updates: [409] Conflict: terminated by other long poll or webhook
	at org.telegram.telegrambots.api.methods.updates.GetUpdates.deserializeResponse(GetUpdates.java:96)
	at org.telegram.telegrambots.updatesreceivers.DefaultBotSession$ReaderThread.run(DefaultBotSession.java:177)
[5_4_2017_18:24:53] {SEVERE} BOTSESSION - org.telegram.telegrambots.exceptions.TelegramApiRequestException: Error getting updates: [409] Conflict: terminated by other long poll or webhook
	at org.telegram.telegrambots.api.methods.updates.GetUpdates.deserializeResponse(GetUpdates.java:96)
	at org.telegram.telegrambots.updatesreceivers.DefaultBotSession$ReaderThread.run(DefaultBotSession.java:177)
[5_4_2017_18:24:53] {SEVERE} BOTSESSION - org.telegram.telegrambots.exceptions.TelegramApiRequestException: Error getting updates: [409] Conflict: terminated by other long poll or webhook
	at org.telegram.telegrambots.api.methods.updates.GetUpdates.deserializeResponse(GetUpdates.java:96)
	at org.telegram.telegrambots.updatesreceivers.DefaultBotSession$ReaderThread.run(DefaultBotSession.java:177)
[5_4_2017_18:24:53] {SEVERE} BOTSESSION - org.telegram.telegrambots.exceptions.TelegramApiRequestException: Error getting updates: [409] Conflict: terminated by other long poll or webhook
	at org.telegram.telegrambots.api.methods.updates.GetUpdates.deserializeResponse(GetUpdates.java:96)
	at org.telegram.telegrambots.updatesreceivers.DefaultBotSession$ReaderThread.run(DefaultBotSession.java:177)
[5_4_2017_18:24:53] {SEVERE} BOTSESSION - org.telegram.telegrambots.exceptions.TelegramApiRequestException: Error getting updates: [409] Conflict: terminated by other long poll or webhook
	at org.telegram.telegrambots.api.methods.updates.GetUpdates.deserializeResponse(GetUpdates.java:96)
	at org.telegram.telegrambots.updatesreceivers.DefaultBotSession$ReaderThread.run(DefaultBotSession.java:177)
[5_4_2017_18:24:54] {SEVERE} BOTSESSION - org.telegram.telegrambots.exceptions.TelegramApiRequestException: Error getting updates: [409] Conflict: terminated by other long poll or webhook
	at org.telegram.telegrambots.api.methods.updates.GetUpdates.deserializeResponse(GetUpdates.java:96)
	at org.telegram.telegrambots.updatesreceivers.DefaultBotSession$ReaderThread.run(DefaultBotSession.java:177)
[5_4_2017_18:24:54] {SEVERE} BOTSESSION - org.telegram.telegrambots.exceptions.TelegramApiRequestException: Error getting updates: [409] Conflict: terminated by other long poll or webhook
	at org.telegram.telegrambots.api.methods.updates.GetUpdates.deserializeResponse(GetUpdates.java:96)
	at org.telegram.telegrambots.updatesreceivers.DefaultBotSession$ReaderThread.run(DefaultBotSession.java:177)
[5_4_2017_18:24:54] {SEVERE} BOTSESSION - org.telegram.telegrambots.exceptions.TelegramApiRequestException: Error getting updates: [409] Conflict: terminated by other long poll or webhook
	at org.telegram.telegrambots.api.methods.updates.GetUpdates.deserializeResponse(GetUpdates.java:96)
	at org.telegram.telegrambots.updatesreceivers.DefaultBotSession$ReaderThread.run(DefaultBotSession.java:177)
[5_4_2017_18:24:54] {SEVERE} BOTSESSION - org.telegram.telegrambots.exceptions.TelegramApiRequestException: Error getting updates: [409] Conflict: terminated by other long poll or webhook
	at org.telegram.telegrambots.api.methods.updates.GetUpdates.deserializeResponse(GetUpdates.java:96)
	at org.telegram.telegrambots.updatesreceivers.DefaultBotSession$ReaderThread.run(DefaultBotSession.java:177)
[5_4_2017_18:24:54] {SEVERE} BOTSESSION - org.telegram.telegrambots.exceptions.TelegramApiRequestException: Error getting updates: [409] Conflict: terminated by other long poll or webhook
	at org.telegram.telegrambots.api.methods.updates.GetUpdates.deserializeResponse(GetUpdates.java:96)
	at org.telegram.telegrambots.updatesreceivers.DefaultBotSession$ReaderThread.run(DefaultBotSession.java:177)
[5_4_2017_18:24:54] {SEVERE} BOTSESSION - org.telegram.telegrambots.exceptions.TelegramApiRequestException: Error getting updates: [409] Conflict: terminated by other long poll or webhook
	at org.telegram.telegrambots.api.methods.updates.GetUpdates.deserializeResponse(GetUpdates.java:96)
	at org.telegram.telegrambots.updatesreceivers.DefaultBotSession$ReaderThread.run(DefaultBotSession.java:177)
[5_4_2017_18:24:54] {SEVERE} BOTSESSION - org.telegram.telegrambots.exceptions.TelegramApiRequestException: Error getting updates: [409] Conflict: terminated by other long poll or webhook
	at org.telegram.telegrambots.api.methods.updates.GetUpdates.deserializeResponse(GetUpdates.java:96)
	at org.telegram.telegrambots.updatesreceivers.DefaultBotSession$ReaderThread.run(DefaultBotSession.java:177)
[5_4_2017_18:24:54] {SEVERE} BOTSESSION - org.telegram.telegrambots.exceptions.TelegramApiRequestException: Error getting updates: [409] Conflict: terminated by other long poll or webhook
	at org.telegram.telegrambots.api.methods.updates.GetUpdates.deserializeResponse(GetUpdates.java:96)
	at org.telegram.telegrambots.updatesreceivers.DefaultBotSession$ReaderThread.run(DefaultBotSession.java:177)
[5_4_2017_18:24:54] {SEVERE} BOTSESSION - org.telegram.telegrambots.exceptions.TelegramApiRequestException: Error getting updates: [409] Conflict: terminated by other long poll or webhook
	at org.telegram.telegrambots.api.methods.updates.GetUpdates.deserializeResponse(GetUpdates.java:96)
	at org.telegram.telegrambots.updatesreceivers.DefaultBotSession$ReaderThread.run(DefaultBotSession.java:177)
[5_4_2017_18:24:55] {SEVERE} BOTSESSION - org.telegram.telegrambots.exceptions.TelegramApiRequestException: Error getting updates: [409] Conflict: terminated by other long poll or webhook
	at org.telegram.telegrambots.api.methods.updates.GetUpdates.deserializeResponse(GetUpdates.java:96)
	at org.telegram.telegrambots.updatesreceivers.DefaultBotSession$ReaderThread.run(DefaultBotSession.java:177)
[5_4_2017_18:24:55] {SEVERE} BOTSESSION - org.telegram.telegrambots.exceptions.TelegramApiRequestException: Error getting updates: [409] Conflict: terminated by other long poll or webhook
	at org.telegram.telegrambots.api.methods.updates.GetUpdates.deserializeResponse(GetUpdates.java:96)
	at org.telegram.telegrambots.updatesreceivers.DefaultBotSession$ReaderThread.run(DefaultBotSession.java:177)
[5_4_2017_18:24:55] {SEVERE} BOTSESSION - org.telegram.telegrambots.exceptions.TelegramApiRequestException: Error getting updates: [409] Conflict: terminated by other long poll or webhook
	at org.telegram.telegrambots.api.methods.updates.GetUpdates.deserializeResponse(GetUpdates.java:96)
	at org.telegram.telegrambots.updatesreceivers.DefaultBotSession$ReaderThread.run(DefaultBotSession.java:177)
[5_4_2017_18:24:55] {SEVERE} BOTSESSION - org.telegram.telegrambots.exceptions.TelegramApiRequestException: Error getting updates: [409] Conflict: terminated by other long poll or webhook
	at org.telegram.telegrambots.api.methods.updates.GetUpdates.deserializeResponse(GetUpdates.java:96)
	at org.telegram.telegrambots.updatesreceivers.DefaultBotSession$ReaderThread.run(DefaultBotSession.java:177)
[5_4_2017_18:24:55] {SEVERE} BOTSESSION - org.telegram.telegrambots.exceptions.TelegramApiRequestException: Error getting updates: [409] Conflict: terminated by other long poll or webhook
	at org.telegram.telegrambots.api.methods.updates.GetUpdates.deserializeResponse(GetUpdates.java:96)
	at org.telegram.telegrambots.updatesreceivers.DefaultBotSession$ReaderThread.run(DefaultBotSession.java:177)
[5_4_2017_18:24:55] {SEVERE} BOTSESSION - org.telegram.telegrambots.exceptions.TelegramApiRequestException: Error getting updates: [409] Conflict: terminated by other long poll or webhook
	at org.telegram.telegrambots.api.methods.updates.GetUpdates.deserializeResponse(GetUpdates.java:96)
	at org.telegram.telegrambots.updatesreceivers.DefaultBotSession$ReaderThread.run(DefaultBotSession.java:177)
[5_4_2017_18:24:55] {SEVERE} BOTSESSION - org.telegram.telegrambots.exceptions.TelegramApiRequestException: Error getting updates: [409] Conflict: terminated by other long poll or webhook
	at org.telegram.telegrambots.api.methods.updates.GetUpdates.deserializeResponse(GetUpdates.java:96)
	at org.telegram.telegrambots.updatesreceivers.DefaultBotSession$ReaderThread.run(DefaultBotSession.java:177)
[5_4_2017_18:24:56] {SEVERE} BOTSESSION - org.telegram.telegrambots.exceptions.TelegramApiRequestException: Error getting updates: [409] Conflict: terminated by other long poll or webhook
	at org.telegram.telegrambots.api.methods.updates.GetUpdates.deserializeResponse(GetUpdates.java:96)
	at org.telegram.telegrambots.updatesreceivers.DefaultBotSession$ReaderThread.run(DefaultBotSession.java:177)
[5_4_2017_18:24:56] {SEVERE} BOTSESSION - org.telegram.telegrambots.exceptions.TelegramApiRequestException: Error getting updates: [409] Conflict: terminated by other long poll or webhook
	at org.telegram.telegrambots.api.methods.updates.GetUpdates.deserializeResponse(GetUpdates.java:96)
	at org.telegram.telegrambots.updatesreceivers.DefaultBotSession$ReaderThread.run(DefaultBotSession.java:177)
[5_4_2017_18:24:56] {SEVERE} BOTSESSION - org.telegram.telegrambots.exceptions.TelegramApiRequestException: Error getting updates: [409] Conflict: terminated by other long poll or webhook
	at org.telegram.telegrambots.api.methods.updates.GetUpdates.deserializeResponse(GetUpdates.java:96)
	at org.telegram.telegrambots.updatesreceivers.DefaultBotSession$ReaderThread.run(DefaultBotSession.java:177)
[5_4_2017_18:24:56] {SEVERE} BOTSESSION - org.telegram.telegrambots.exceptions.TelegramApiRequestException: Error getting updates: [409] Conflict: terminated by other long poll or webhook
	at org.telegram.telegrambots.api.methods.updates.GetUpdates.deserializeResponse(GetUpdates.java:96)
	at org.telegram.telegrambots.updatesreceivers.DefaultBotSession$ReaderThread.run(DefaultBotSession.java:177)
[5_4_2017_18:24:56] {SEVERE} BOTSESSION - org.telegram.telegrambots.exceptions.TelegramApiRequestException: Error getting updates: [409] Conflict: terminated by other long poll or webhook
	at org.telegram.telegrambots.api.methods.updates.GetUpdates.deserializeResponse(GetUpdates.java:96)
	at org.telegram.telegrambots.updatesreceivers.DefaultBotSession$ReaderThread.run(DefaultBotSession.java:177)
[5_4_2017_18:24:56] {SEVERE} BOTSESSION - org.telegram.telegrambots.exceptions.TelegramApiRequestException: Error getting updates: [409] Conflict: terminated by other long poll or webhook
	at org.telegram.telegrambots.api.methods.updates.GetUpdates.deserializeResponse(GetUpdates.java:96)
	at org.telegram.telegrambots.updatesreceivers.DefaultBotSession$ReaderThread.run(DefaultBotSession.java:177)
[5_4_2017_18:24:56] {SEVERE} BOTSESSION - org.telegram.telegrambots.exceptions.TelegramApiRequestException: Error getting updates: [409] Conflict: terminated by other long poll or webhook
	at org.telegram.telegrambots.api.methods.updates.GetUpdates.deserializeResponse(GetUpdates.java:96)
	at org.telegram.telegrambots.updatesreceivers.DefaultBotSession$ReaderThread.run(DefaultBotSession.java:177)
[5_4_2017_18:24:56] {SEVERE} BOTSESSION - org.telegram.telegrambots.exceptions.TelegramApiRequestException: Error getting updates: [409] Conflict: terminated by other long poll or webhook
	at org.telegram.telegrambots.api.methods.updates.GetUpdates.deserializeResponse(GetUpdates.java:96)
	at org.telegram.telegrambots.updatesreceivers.DefaultBotSession$ReaderThread.run(DefaultBotSession.java:177)
[5_4_2017_18:24:56] {SEVERE} BOTSESSION - org.telegram.telegrambots.exceptions.TelegramApiRequestException: Error getting updates: [409] Conflict: terminated by other long poll or webhook
	at org.telegram.telegrambots.api.methods.updates.GetUpdates.deserializeResponse(GetUpdates.java:96)
	at org.telegram.telegrambots.updatesreceivers.DefaultBotSession$ReaderThread.run(DefaultBotSession.java:177)
[5_4_2017_18:24:56] {SEVERE} BOTSESSION - org.telegram.telegrambots.exceptions.TelegramApiRequestException: Error getting updates: [409] Conflict: terminated by other long poll or webhook
	at org.telegram.telegrambots.api.methods.updates.GetUpdates.deserializeResponse(GetUpdates.java:96)
	at org.telegram.telegrambots.updatesreceivers.DefaultBotSession$ReaderThread.run(DefaultBotSession.java:177)
[5_4_2017_18:24:57] {SEVERE} BOTSESSION - org.telegram.telegrambots.exceptions.TelegramApiRequestException: Error getting updates: [409] Conflict: terminated by other long poll or webhook
	at org.telegram.telegrambots.api.methods.updates.GetUpdates.deserializeResponse(GetUpdates.java:96)
	at org.telegram.telegrambots.updatesreceivers.DefaultBotSession$ReaderThread.run(DefaultBotSession.java:177)
[4_5_2017_16:44:33] {INFO} MAIN - intializing...
[4_5_2017_16:44:37] {SEVERE} BOTSESSION - org.telegram.telegrambots.exceptions.TelegramApiRequestException: Error getting updates: [409] Conflict: terminated by other long poll or webhook
	at org.telegram.telegrambots.api.methods.updates.GetUpdates.deserializeResponse(GetUpdates.java:96)
	at org.telegram.telegrambots.updatesreceivers.DefaultBotSession$ReaderThread.run(DefaultBotSession.java:177)
[4_5_2017_16:44:37] {SEVERE} BOTSESSION - org.telegram.telegrambots.exceptions.TelegramApiRequestException: Error getting updates: [409] Conflict: terminated by other long poll or webhook
	at org.telegram.telegrambots.api.methods.updates.GetUpdates.deserializeResponse(GetUpdates.java:96)
	at org.telegram.telegrambots.updatesreceivers.DefaultBotSession$ReaderThread.run(DefaultBotSession.java:177)
[4_5_2017_16:44:37] {SEVERE} BOTSESSION - org.telegram.telegrambots.exceptions.TelegramApiRequestException: Error getting updates: [409] Conflict: terminated by other long poll or webhook
	at org.telegram.telegrambots.api.methods.updates.GetUpdates.deserializeResponse(GetUpdates.java:96)
	at org.telegram.telegrambots.updatesreceivers.DefaultBotSession$ReaderThread.run(DefaultBotSession.java:177)
[4_5_2017_16:44:37] {SEVERE} BOTSESSION - org.telegram.telegrambots.exceptions.TelegramApiRequestException: Error getting updates: [409] Conflict: terminated by other long poll or webhook
	at org.telegram.telegrambots.api.methods.updates.GetUpdates.deserializeResponse(GetUpdates.java:96)
	at org.telegram.telegrambots.updatesreceivers.DefaultBotSession$ReaderThread.run(DefaultBotSession.java:177)
[4_5_2017_16:44:38] {SEVERE} BOTSESSION - org.telegram.telegrambots.exceptions.TelegramApiRequestException: Error getting updates: [409] Conflict: terminated by other long poll or webhook
	at org.telegram.telegrambots.api.methods.updates.GetUpdates.deserializeResponse(GetUpdates.java:96)
	at org.telegram.telegrambots.updatesreceivers.DefaultBotSession$ReaderThread.run(DefaultBotSession.java:177)
[4_5_2017_16:44:38] {SEVERE} BOTSESSION - org.telegram.telegrambots.exceptions.TelegramApiRequestException: Error getting updates: [409] Conflict: terminated by other long poll or webhook
	at org.telegram.telegrambots.api.methods.updates.GetUpdates.deserializeResponse(GetUpdates.java:96)
	at org.telegram.telegrambots.updatesreceivers.DefaultBotSession$ReaderThread.run(DefaultBotSession.java:177)
[4_5_2017_16:44:38] {SEVERE} BOTSESSION - org.telegram.telegrambots.exceptions.TelegramApiRequestException: Error getting updates: [409] Conflict: terminated by other long poll or webhook
	at org.telegram.telegrambots.api.methods.updates.GetUpdates.deserializeResponse(GetUpdates.java:96)
	at org.telegram.telegrambots.updatesreceivers.DefaultBotSession$ReaderThread.run(DefaultBotSession.java:177)
[4_5_2017_16:44:38] {SEVERE} BOTSESSION - org.telegram.telegrambots.exceptions.TelegramApiRequestException: Error getting updates: [409] Conflict: terminated by other long poll or webhook
	at org.telegram.telegrambots.api.methods.updates.GetUpdates.deserializeResponse(GetUpdates.java:96)
	at org.telegram.telegrambots.updatesreceivers.DefaultBotSession$ReaderThread.run(DefaultBotSession.java:177)
[4_5_2017_16:44:38] {SEVERE} BOTSESSION - org.telegram.telegrambots.exceptions.TelegramApiRequestException: Error getting updates: [409] Conflict: terminated by other long poll or webhook
	at org.telegram.telegrambots.api.methods.updates.GetUpdates.deserializeResponse(GetUpdates.java:96)
	at org.telegram.telegrambots.updatesreceivers.DefaultBotSession$ReaderThread.run(DefaultBotSession.java:177)
[4_5_2017_16:44:38] {SEVERE} BOTSESSION - org.telegram.telegrambots.exceptions.TelegramApiRequestException: Error getting updates: [409] Conflict: terminated by other long poll or webhook
	at org.telegram.telegrambots.api.methods.updates.GetUpdates.deserializeResponse(GetUpdates.java:96)
	at org.telegram.telegrambots.updatesreceivers.DefaultBotSession$ReaderThread.run(DefaultBotSession.java:177)
[4_5_2017_16:44:38] {SEVERE} BOTSESSION - org.telegram.telegrambots.exceptions.TelegramApiRequestException: Error getting updates: [409] Conflict: terminated by other long poll or webhook
	at org.telegram.telegrambots.api.methods.updates.GetUpdates.deserializeResponse(GetUpdates.java:96)
	at org.telegram.telegrambots.updatesreceivers.DefaultBotSession$ReaderThread.run(DefaultBotSession.java:177)
[4_5_2017_16:44:38] {SEVERE} BOTSESSION - org.telegram.telegrambots.exceptions.TelegramApiRequestException: Error getting updates: [409] Conflict: terminated by other long poll or webhook
	at org.telegram.telegrambots.api.methods.updates.GetUpdates.deserializeResponse(GetUpdates.java:96)
	at org.telegram.telegrambots.updatesreceivers.DefaultBotSession$ReaderThread.run(DefaultBotSession.java:177)
[4_5_2017_16:44:38] {SEVERE} BOTSESSION - org.telegram.telegrambots.exceptions.TelegramApiRequestException: Error getting updates: [409] Conflict: terminated by other long poll or webhook
	at org.telegram.telegrambots.api.methods.updates.GetUpdates.deserializeResponse(GetUpdates.java:96)
	at org.telegram.telegrambots.updatesreceivers.DefaultBotSession$ReaderThread.run(DefaultBotSession.java:177)
[4_5_2017_16:44:39] {SEVERE} BOTSESSION - org.telegram.telegrambots.exceptions.TelegramApiRequestException: Error getting updates: [409] Conflict: terminated by other long poll or webhook
	at org.telegram.telegrambots.api.methods.updates.GetUpdates.deserializeResponse(GetUpdates.java:96)
	at org.telegram.telegrambots.updatesreceivers.DefaultBotSession$ReaderThread.run(DefaultBotSession.java:177)
[4_5_2017_16:44:39] {SEVERE} BOTSESSION - org.telegram.telegrambots.exceptions.TelegramApiRequestException: Error getting updates: [409] Conflict: terminated by other long poll or webhook
	at org.telegram.telegrambots.api.methods.updates.GetUpdates.deserializeResponse(GetUpdates.java:96)
	at org.telegram.telegrambots.updatesreceivers.DefaultBotSession$ReaderThread.run(DefaultBotSession.java:177)
[4_5_2017_16:44:39] {SEVERE} BOTSESSION - org.telegram.telegrambots.exceptions.TelegramApiRequestException: Error getting updates: [409] Conflict: terminated by other long poll or webhook
	at org.telegram.telegrambots.api.methods.updates.GetUpdates.deserializeResponse(GetUpdates.java:96)
	at org.telegram.telegrambots.updatesreceivers.DefaultBotSession$ReaderThread.run(DefaultBotSession.java:177)
[4_5_2017_16:44:39] {SEVERE} BOTSESSION - org.telegram.telegrambots.exceptions.TelegramApiRequestException: Error getting updates: [409] Conflict: terminated by other long poll or webhook
	at org.telegram.telegrambots.api.methods.updates.GetUpdates.deserializeResponse(GetUpdates.java:96)
	at org.telegram.telegrambots.updatesreceivers.DefaultBotSession$ReaderThread.run(DefaultBotSession.java:177)
[4_5_2017_16:44:39] {SEVERE} BOTSESSION - org.telegram.telegrambots.exceptions.TelegramApiRequestException: Error getting updates: [409] Conflict: terminated by other long poll or webhook
	at org.telegram.telegrambots.api.methods.updates.GetUpdates.deserializeResponse(GetUpdates.java:96)
	at org.telegram.telegrambots.updatesreceivers.DefaultBotSession$ReaderThread.run(DefaultBotSession.java:177)
[4_5_2017_16:44:39] {SEVERE} BOTSESSION - org.telegram.telegrambots.exceptions.TelegramApiRequestException: Error getting updates: [409] Conflict: terminated by other long poll or webhook
	at org.telegram.telegrambots.api.methods.updates.GetUpdates.deserializeResponse(GetUpdates.java:96)
	at org.telegram.telegrambots.updatesreceivers.DefaultBotSession$ReaderThread.run(DefaultBotSession.java:177)
[4_5_2017_16:44:39] {SEVERE} BOTSESSION - org.telegram.telegrambots.exceptions.TelegramApiRequestException: Error getting updates: [409] Conflict: terminated by other long poll or webhook
	at org.telegram.telegrambots.api.methods.updates.GetUpdates.deserializeResponse(GetUpdates.java:96)
	at org.telegram.telegrambots.updatesreceivers.DefaultBotSession$ReaderThread.run(DefaultBotSession.java:177)
[4_5_2017_16:44:39] {SEVERE} BOTSESSION - org.telegram.telegrambots.exceptions.TelegramApiRequestException: Error getting updates: [409] Conflict: terminated by other long poll or webhook
	at org.telegram.telegrambots.api.methods.updates.GetUpdates.deserializeResponse(GetUpdates.java:96)
	at org.telegram.telegrambots.updatesreceivers.DefaultBotSession$ReaderThread.run(DefaultBotSession.java:177)
[4_5_2017_16:44:39] {SEVERE} BOTSESSION - org.telegram.telegrambots.exceptions.TelegramApiRequestException: Error getting updates: [409] Conflict: terminated by other long poll or webhook
	at org.telegram.telegrambots.api.methods.updates.GetUpdates.deserializeResponse(GetUpdates.java:96)
	at org.telegram.telegrambots.updatesreceivers.DefaultBotSession$ReaderThread.run(DefaultBotSession.java:177)
[4_5_2017_16:44:39] {SEVERE} BOTSESSION - org.telegram.telegrambots.exceptions.TelegramApiRequestException: Error getting updates: [409] Conflict: terminated by other long poll or webhook
	at org.telegram.telegrambots.api.methods.updates.GetUpdates.deserializeResponse(GetUpdates.java:96)
	at org.telegram.telegrambots.updatesreceivers.DefaultBotSession$ReaderThread.run(DefaultBotSession.java:177)
[4_5_2017_16:44:40] {SEVERE} BOTSESSION - org.telegram.telegrambots.exceptions.TelegramApiRequestException: Error getting updates: [409] Conflict: terminated by other long poll or webhook
	at org.telegram.telegrambots.api.methods.updates.GetUpdates.deserializeResponse(GetUpdates.java:96)
	at org.telegram.telegrambots.updatesreceivers.DefaultBotSession$ReaderThread.run(DefaultBotSession.java:177)
[4_5_2017_16:44:40] {SEVERE} BOTSESSION - org.telegram.telegrambots.exceptions.TelegramApiRequestException: Error getting updates: [409] Conflict: terminated by other long poll or webhook
	at org.telegram.telegrambots.api.methods.updates.GetUpdates.deserializeResponse(GetUpdates.java:96)
	at org.telegram.telegrambots.updatesreceivers.DefaultBotSession$ReaderThread.run(DefaultBotSession.java:177)
[4_5_2017_16:44:40] {SEVERE} BOTSESSION - org.telegram.telegrambots.exceptions.TelegramApiRequestException: Error getting updates: [409] Conflict: terminated by other long poll or webhook
	at org.telegram.telegrambots.api.methods.updates.GetUpdates.deserializeResponse(GetUpdates.java:96)
	at org.telegram.telegrambots.updatesreceivers.DefaultBotSession$ReaderThread.run(DefaultBotSession.java:177)
[4_5_2017_16:44:40] {SEVERE} BOTSESSION - org.telegram.telegrambots.exceptions.TelegramApiRequestException: Error getting updates: [409] Conflict: terminated by other long poll or webhook
	at org.telegram.telegrambots.api.methods.updates.GetUpdates.deserializeResponse(GetUpdates.java:96)
	at org.telegram.telegrambots.updatesreceivers.DefaultBotSession$ReaderThread.run(DefaultBotSession.java:177)
[4_5_2017_16:44:40] {SEVERE} BOTSESSION - org.telegram.telegrambots.exceptions.TelegramApiRequestException: Error getting updates: [409] Conflict: terminated by other long poll or webhook
	at org.telegram.telegrambots.api.methods.updates.GetUpdates.deserializeResponse(GetUpdates.java:96)
	at org.telegram.telegrambots.updatesreceivers.DefaultBotSession$ReaderThread.run(DefaultBotSession.java:177)
[4_5_2017_16:44:40] {SEVERE} BOTSESSION - org.telegram.telegrambots.exceptions.TelegramApiRequestException: Error getting updates: [409] Conflict: terminated by other long poll or webhook
	at org.telegram.telegrambots.api.methods.updates.GetUpdates.deserializeResponse(GetUpdates.java:96)
	at org.telegram.telegrambots.updatesreceivers.DefaultBotSession$ReaderThread.run(DefaultBotSession.java:177)
[4_5_2017_16:44:40] {SEVERE} BOTSESSION - org.telegram.telegrambots.exceptions.TelegramApiRequestException: Error getting updates: [409] Conflict: terminated by other long poll or webhook
	at org.telegram.telegrambots.api.methods.updates.GetUpdates.deserializeResponse(GetUpdates.java:96)
	at org.telegram.telegrambots.updatesreceivers.DefaultBotSession$ReaderThread.run(DefaultBotSession.java:177)
[4_5_2017_16:44:40] {SEVERE} BOTSESSION - org.telegram.telegrambots.exceptions.TelegramApiRequestException: Error getting updates: [409] Conflict: terminated by other long poll or webhook
	at org.telegram.telegrambots.api.methods.updates.GetUpdates.deserializeResponse(GetUpdates.java:96)
	at org.telegram.telegrambots.updatesreceivers.DefaultBotSession$ReaderThread.run(DefaultBotSession.java:177)
[4_5_2017_16:44:41] {SEVERE} BOTSESSION - org.telegram.telegrambots.exceptions.TelegramApiRequestException: Error getting updates: [409] Conflict: terminated by other long poll or webhook
	at org.telegram.telegrambots.api.methods.updates.GetUpdates.deserializeResponse(GetUpdates.java:96)
	at org.telegram.telegrambots.updatesreceivers.DefaultBotSession$ReaderThread.run(DefaultBotSession.java:177)
[4_5_2017_16:44:41] {SEVERE} BOTSESSION - org.telegram.telegrambots.exceptions.TelegramApiRequestException: Error getting updates: [409] Conflict: terminated by other long poll or webhook
	at org.telegram.telegrambots.api.methods.updates.GetUpdates.deserializeResponse(GetUpdates.java:96)
	at org.telegram.telegrambots.updatesreceivers.DefaultBotSession$ReaderThread.run(DefaultBotSession.java:177)
[4_5_2017_16:44:41] {SEVERE} BOTSESSION - org.telegram.telegrambots.exceptions.TelegramApiRequestException: Error getting updates: [409] Conflict: terminated by other long poll or webhook
	at org.telegram.telegrambots.api.methods.updates.GetUpdates.deserializeResponse(GetUpdates.java:96)
	at org.telegram.telegrambots.updatesreceivers.DefaultBotSession$ReaderThread.run(DefaultBotSession.java:177)
[4_5_2017_16:44:41] {SEVERE} BOTSESSION - org.telegram.telegrambots.exceptions.TelegramApiRequestException: Error getting updates: [409] Conflict: terminated by other long poll or webhook
	at org.telegram.telegrambots.api.methods.updates.GetUpdates.deserializeResponse(GetUpdates.java:96)
	at org.telegram.telegrambots.updatesreceivers.DefaultBotSession$ReaderThread.run(DefaultBotSession.java:177)
[4_5_2017_16:44:41] {SEVERE} BOTSESSION - org.telegram.telegrambots.exceptions.TelegramApiRequestException: Error getting updates: [409] Conflict: terminated by other long poll or webhook
	at org.telegram.telegrambots.api.methods.updates.GetUpdates.deserializeResponse(GetUpdates.java:96)
	at org.telegram.telegrambots.updatesreceivers.DefaultBotSession$ReaderThread.run(DefaultBotSession.java:177)
[4_5_2017_16:44:41] {SEVERE} BOTSESSION - org.telegram.telegrambots.exceptions.TelegramApiRequestException: Error getting updates: [409] Conflict: terminated by other long poll or webhook
	at org.telegram.telegrambots.api.methods.updates.GetUpdates.deserializeResponse(GetUpdates.java:96)
	at org.telegram.telegrambots.updatesreceivers.DefaultBotSession$ReaderThread.run(DefaultBotSession.java:177)
[4_5_2017_16:44:41] {SEVERE} BOTSESSION - org.telegram.telegrambots.exceptions.TelegramApiRequestException: Error getting updates: [409] Conflict: terminated by other long poll or webhook
	at org.telegram.telegrambots.api.methods.updates.GetUpdates.deserializeResponse(GetUpdates.java:96)
	at org.telegram.telegrambots.updatesreceivers.DefaultBotSession$ReaderThread.run(DefaultBotSession.java:177)
[4_5_2017_16:44:41] {SEVERE} BOTSESSION - org.telegram.telegrambots.exceptions.TelegramApiRequestException: Error getting updates: [409] Conflict: terminated by other long poll or webhook
	at org.telegram.telegrambots.api.methods.updates.GetUpdates.deserializeResponse(GetUpdates.java:96)
	at org.telegram.telegrambots.updatesreceivers.DefaultBotSession$ReaderThread.run(DefaultBotSession.java:177)
[4_5_2017_16:44:41] {SEVERE} BOTSESSION - org.telegram.telegrambots.exceptions.TelegramApiRequestException: Error getting updates: [409] Conflict: terminated by other long poll or webhook
	at org.telegram.telegrambots.api.methods.updates.GetUpdates.deserializeResponse(GetUpdates.java:96)
	at org.telegram.telegrambots.updatesreceivers.DefaultBotSession$ReaderThread.run(DefaultBotSession.java:177)
[4_5_2017_16:44:41] {SEVERE} BOTSESSION - org.telegram.telegrambots.exceptions.TelegramApiRequestException: Error getting updates: [409] Conflict: terminated by other long poll or webhook
	at org.telegram.telegrambots.api.methods.updates.GetUpdates.deserializeResponse(GetUpdates.java:96)
	at org.telegram.telegrambots.updatesreceivers.DefaultBotSession$ReaderThread.run(DefaultBotSession.java:177)
[4_5_2017_16:44:41] {SEVERE} BOTSESSION - org.telegram.telegrambots.exceptions.TelegramApiRequestException: Error getting updates: [409] Conflict: terminated by other long poll or webhook
	at org.telegram.telegrambots.api.methods.updates.GetUpdates.deserializeResponse(GetUpdates.java:96)
	at org.telegram.telegrambots.updatesreceivers.DefaultBotSession$ReaderThread.run(DefaultBotSession.java:177)
[4_5_2017_16:44:42] {SEVERE} BOTSESSION - org.telegram.telegrambots.exceptions.TelegramApiRequestException: Error getting updates: [409] Conflict: terminated by other long poll or webhook
	at org.telegram.telegrambots.api.methods.updates.GetUpdates.deserializeResponse(GetUpdates.java:96)
	at org.telegram.telegrambots.updatesreceivers.DefaultBotSession$ReaderThread.run(DefaultBotSession.java:177)
[4_5_2017_16:44:42] {SEVERE} BOTSESSION - org.telegram.telegrambots.exceptions.TelegramApiRequestException: Error getting updates: [409] Conflict: terminated by other long poll or webhook
	at org.telegram.telegrambots.api.methods.updates.GetUpdates.deserializeResponse(GetUpdates.java:96)
	at org.telegram.telegrambots.updatesreceivers.DefaultBotSession$ReaderThread.run(DefaultBotSession.java:177)
[4_5_2017_16:44:42] {SEVERE} BOTSESSION - org.telegram.telegrambots.exceptions.TelegramApiRequestException: Error getting updates: [409] Conflict: terminated by other long poll or webhook
	at org.telegram.telegrambots.api.methods.updates.GetUpdates.deserializeResponse(GetUpdates.java:96)
	at org.telegram.telegrambots.updatesreceivers.DefaultBotSession$ReaderThread.run(DefaultBotSession.java:177)
[4_5_2017_16:44:42] {SEVERE} BOTSESSION - org.telegram.telegrambots.exceptions.TelegramApiRequestException: Error getting updates: [409] Conflict: terminated by other long poll or webhook
	at org.telegram.telegrambots.api.methods.updates.GetUpdates.deserializeResponse(GetUpdates.java:96)
	at org.telegram.telegrambots.updatesreceivers.DefaultBotSession$ReaderThread.run(DefaultBotSession.java:177)
[4_5_2017_16:44:42] {SEVERE} BOTSESSION - org.telegram.telegrambots.exceptions.TelegramApiRequestException: Error getting updates: [409] Conflict: terminated by other long poll or webhook
	at org.telegram.telegrambots.api.methods.updates.GetUpdates.deserializeResponse(GetUpdates.java:96)
	at org.telegram.telegrambots.updatesreceivers.DefaultBotSession$ReaderThread.run(DefaultBotSession.java:177)
[4_5_2017_16:44:42] {SEVERE} BOTSESSION - org.telegram.telegrambots.exceptions.TelegramApiRequestException: Error getting updates: [409] Conflict: terminated by other long poll or webhook
	at org.telegram.telegrambots.api.methods.updates.GetUpdates.deserializeResponse(GetUpdates.java:96)
	at org.telegram.telegrambots.updatesreceivers.DefaultBotSession$ReaderThread.run(DefaultBotSession.java:177)
[4_5_2017_16:44:42] {SEVERE} BOTSESSION - org.telegram.telegrambots.exceptions.TelegramApiRequestException: Error getting updates: [409] Conflict: terminated by other long poll or webhook
	at org.telegram.telegrambots.api.methods.updates.GetUpdates.deserializeResponse(GetUpdates.java:96)
	at org.telegram.telegrambots.updatesreceivers.DefaultBotSession$ReaderThread.run(DefaultBotSession.java:177)
